TIMESTAMP; 20090722151845; USER_ID; 1; USER_NAME; maccman; ACTION; renameColumn; MSG; Column renamed to 'Iteration one'; OBJECT_ID; 1; OBJECT_NAME; Iteration one; BEFORE; Brave new column; AFTER; Iteration one
TIMESTAMP; 20090722151851; USER_ID; 1; USER_NAME; maccman; ACTION; addCards; MSG; 1 card added; OBJECT_ID; 1; OBJECT_NAME; "Test card"; BEFORE; ; AFTER; 
TIMESTAMP; 20090722152013; USER_ID; 1; USER_NAME; maccman; ACTION; updateCard; MSG; Tags added to 'Test card'; OBJECT_ID; 1; OBJECT_NAME; Test card; BEFORE; ; AFTER; one, two, three
TIMESTAMP; 20090722152843; USER_ID; 1; USER_NAME; maccman; ACTION; updateCard; MSG; Tags removed from 'Test card'; OBJECT_ID; 1; OBJECT_NAME; Test card; BEFORE; one, two, three; AFTER; one, two
TIMESTAMP; 20090722152923; USER_ID; 1; USER_NAME; maccman; ACTION; updateCard; MSG; Tags removed from 'Test card'; OBJECT_ID; 1; OBJECT_NAME; Test card; BEFORE; one, two; AFTER; one
TIMESTAMP; 20090722175020; USER_ID; 1; USER_NAME; maccman; ACTION; updateCard; MSG; Points updated for 'Test card'; OBJECT_ID; 1; OBJECT_NAME; Test card; BEFORE; 4; AFTER; 5
TIMESTAMP; 20090722175204; USER_ID; 1; USER_NAME; maccman; ACTION; updateCard; MSG; Points updated for 'Test card'; OBJECT_ID; 1; OBJECT_NAME; Test card; BEFORE; 5; AFTER; 8
TIMESTAMP; 20090722175226; USER_ID; 1; USER_NAME; maccman; ACTION; moveCard; MSG; Moved a 'Test card' card; OBJECT_ID; 1; OBJECT_NAME; Test card; BEFORE; 1 @ Iteration one; AFTER; 1 @ Iteration one
TIMESTAMP; 20090722175703; USER_ID; 1; USER_NAME; maccman; ACTION; updateCard; MSG; Points updated for 'Test card'; OBJECT_ID; 1; OBJECT_NAME; Test card; BEFORE; 8; AFTER; 2
TIMESTAMP; 20090722175908; USER_ID; 1; USER_NAME; maccman; ACTION; updateCard; MSG; Points updated for 'Test card'; OBJECT_ID; 1; OBJECT_NAME; Test card; BEFORE; 2; AFTER; 3
TIMESTAMP; 20090722175919; USER_ID; 1; USER_NAME; maccman; ACTION; addCards; MSG; 1 card added; OBJECT_ID; 2; OBJECT_NAME; "Another card"; BEFORE; ; AFTER; 
TIMESTAMP; 20090722175922; USER_ID; 1; USER_NAME; maccman; ACTION; moveCard; MSG; Moved a 'Another card' card; OBJECT_ID; 2; OBJECT_NAME; Another card; BEFORE; 1 @ Iteration one; AFTER; 2 @ Iteration one
TIMESTAMP; 20090722180017; USER_ID; 1; USER_NAME; maccman; ACTION; moveCard; MSG; Moved a 'Test card' card; OBJECT_ID; 1; OBJECT_NAME; Test card; BEFORE; 1 @ Iteration one; AFTER; 1 @ Iteration one
TIMESTAMP; 20090722180046; USER_ID; 1; USER_NAME; maccman; ACTION; updateCard; MSG; Notes updated for 'Another card'; OBJECT_ID; 2; OBJECT_NAME; Another card; BEFORE; ; AFTER; Some notes
TIMESTAMP; 20090722180049; USER_ID; 1; USER_NAME; maccman; ACTION; updateCard; MSG; Tags added to 'Another card'; OBJECT_ID; 2; OBJECT_NAME; Another card; BEFORE; ; AFTER; tag
TIMESTAMP; 20090722180052; USER_ID; 1; USER_NAME; maccman; ACTION; updateCard; MSG; Points updated for 'Another card'; OBJECT_ID; 2; OBJECT_NAME; Another card; BEFORE; 2; AFTER; 5
TIMESTAMP; 20090722180102; USER_ID; 1; USER_NAME; maccman; ACTION; moveCard; MSG; Moved a 'Test card' card; OBJECT_ID; 1; OBJECT_NAME; Test card; BEFORE; 1 @ Iteration one; AFTER; 1 @ Iteration one
TIMESTAMP; 20090722180108; USER_ID; 1; USER_NAME; maccman; ACTION; addColumn; MSG; Added a 'Another' column; OBJECT_ID; 2; OBJECT_NAME; Another; BEFORE; ; AFTER; 
TIMESTAMP; 20090722180111; USER_ID; 1; USER_NAME; maccman; ACTION; moveCard; MSG; Moved a 'Test card' card; OBJECT_ID; 1; OBJECT_NAME; Test card; BEFORE; 1 @ Iteration one; AFTER; 1 @ Iteration one
TIMESTAMP; 20090722180131; USER_ID; 1; USER_NAME; maccman; ACTION; addCards; MSG; 1 card added; OBJECT_ID; 3; OBJECT_NAME; "test"; BEFORE; ; AFTER; 
